C51 COMPILER V9.52.0.0   MAIN                                                              02/22/2020 18:25:09 PAGE 1   


C51 COMPILER V9.52.0.0, COMPILATION OF MODULE MAIN
OBJECT MODULE PLACED IN main.OBJ
COMPILER INVOKED BY: C:\Keil\C51\BIN\C51.EXE main.c OMF2 BROWSE DEBUG TABS(2)

line level    source

   1          #include "main.h"
   2          #include "port.h"
   3          #include "..\lib\delay.h"
   4          #include "..\lib\LCD4.h"
   5          
   6          unsigned char ADC0804_read()
   7          {
   8   1        unsigned char kq;
   9   1        ADC0804_CS = 0;
  10   1        
  11   1        ADC0804_WR = 0;
  12   1        ADC0804_WR = 1;
  13   1        
  14   1        while(ADC0804_INTR);
  15   1        
  16   1        ADC0804_RD = 0;
  17   1        kq = ADC0804_DATA;
  18   1        ADC0804_RD = 1;
  19   1        
  20   1        return kq;
  21   1      }
  22          
  23          void main()
  24          {
  25   1        unsigned char adc_value;
  26   1        unsigned int voltage;
  27   1        
  28   1        Lcd_Init();
  29   1        
  30   1        while(1)
  31   1        {
  32   2          adc_value = ADC0804_read();
  33   2          voltage = adc_value * 19.61f;
  34   2          
  35   2          Lcd_Chr(1,1,adc_value/100 + 0x30);
  36   2          Lcd_Chr_Cp(adc_value%100/10 + 0x30);
  37   2          Lcd_Chr_Cp(adc_value%10 + 0x30);
  38   2      
  39   2          Lcd_Chr(2,1,voltage/1000 + 0x30);
  40   2          Lcd_Chr_Cp('.');
  41   2          Lcd_Chr_Cp(voltage%1000/100 + 0x30);
  42   2          Lcd_Chr_Cp(voltage%100/10 + 0x30);
  43   2          Lcd_Chr_Cp(voltage%10 + 0x30);
  44   2          
  45   2          Delay_ms(500);
  46   2        }
  47   1      }
  48              


MODULE INFORMATION:   STATIC OVERLAYABLE
   CODE SIZE        =    213    ----
   CONSTANT SIZE    =   ----    ----
   XDATA SIZE       =   ----    ----
   PDATA SIZE       =   ----    ----
C51 COMPILER V9.52.0.0   MAIN                                                              02/22/2020 18:25:09 PAGE 2   

   DATA SIZE        =   ----       3
   IDATA SIZE       =   ----    ----
   BIT SIZE         =   ----    ----
   EDATA SIZE       =   ----    ----
   HDATA SIZE       =   ----    ----
   XDATA CONST SIZE =   ----    ----
   FAR CONST SIZE   =   ----    ----
END OF MODULE INFORMATION.


C51 COMPILATION COMPLETE.  0 WARNING(S),  0 ERROR(S)
