C51 COMPILER V9.52.0.0   MAINADC0808                                                       02/23/2020 13:07:32 PAGE 1   


C51 COMPILER V9.52.0.0, COMPILATION OF MODULE MAINADC0808
OBJECT MODULE PLACED IN mainADC0808.OBJ
COMPILER INVOKED BY: C:\Keil\C51\BIN\C51.EXE mainADC0808.c OMF2 BROWSE DEBUG TABS(2)

line level    source

   1          #include "main.h"
   2          #include "port0808.h"
   3          #include "..\lib\delay.h"
   4          #include "..\lib\LCD4.h"
   5          
   6          void ADC0808_Init()
   7          {
   8   1        ADC_START = 0;
   9   1        ADC_ALE = 0;
  10   1        ADC_OE = 0; 
  11   1      }
  12          
  13          unsigned char ADC0808_Read(unsigned char channel)
  14          {
  15   1        unsigned char kq;
  16   1        
  17   1        ADC_ADDA = channel & 0x01;
  18   1        ADC_ADDB = channel & 0x02;
  19   1        ADC_ADDC = channel & 0x04;
  20   1        
  21   1        ADC_ALE = 1;
  22   1        ADC_START = 1;
  23   1        ADC_ALE = 0; 
  24   1        ADC_START = 0;
  25   1        
  26   1        while(ADC_EOC);
  27   1        while(!ADC_EOC);      //doi EOC xuong 0, roi lai len 1 de chuyen doi hoan tat
  28   1        
  29   1        ADC_OE = 1;
  30   1        kq = ADC_DATA;
  31   1        ADC_OE = 0;
  32   1        
  33   1        return kq;
  34   1      }
  35          
  36          void main()
  37          {
  38   1        unsigned char adc_value;
  39   1        unsigned int voltage;
  40   1        
  41   1        Lcd_Init();
  42   1        ADC0808_Init();
  43   1        while(1)
  44   1        {
  45   2          adc_value = ADC0808_Read(0);
  46   2          voltage = adc_value * 19.61f;
  47   2          
  48   2          Lcd_Chr(1,1,adc_value/100 + 0x30);
  49   2          Lcd_Chr_Cp(adc_value%100/10 + 0x30);
  50   2          Lcd_Chr_Cp(adc_value%10 + 0x30);
  51   2      
  52   2          Lcd_Chr(2,1,voltage/1000 + 0x30);
  53   2          Lcd_Chr_Cp('.');
  54   2          Lcd_Chr_Cp(voltage%1000/100 + 0x30);
  55   2          Lcd_Chr_Cp(voltage%100/10 + 0x30);
C51 COMPILER V9.52.0.0   MAINADC0808                                                       02/23/2020 13:07:32 PAGE 2   

  56   2          Lcd_Chr_Cp(voltage%10 + 0x30);
  57   2          
  58   2          Delay_ms(500);
  59   2        }
  60   1      }


MODULE INFORMATION:   STATIC OVERLAYABLE
   CODE SIZE        =    243    ----
   CONSTANT SIZE    =   ----    ----
   XDATA SIZE       =   ----    ----
   PDATA SIZE       =   ----    ----
   DATA SIZE        =   ----       3
   IDATA SIZE       =   ----    ----
   BIT SIZE         =   ----    ----
   EDATA SIZE       =   ----    ----
   HDATA SIZE       =   ----    ----
   XDATA CONST SIZE =   ----    ----
   FAR CONST SIZE   =   ----    ----
END OF MODULE INFORMATION.


C51 COMPILATION COMPLETE.  0 WARNING(S),  0 ERROR(S)
