C51 COMPILER V9.52.0.0   MAIN                                                              02/17/2020 14:56:37 PAGE 1   


C51 COMPILER V9.52.0.0, COMPILATION OF MODULE MAIN
OBJECT MODULE PLACED IN main.OBJ
COMPILER INVOKED BY: C:\Keil\C51\BIN\C51.EXE main.c OMF2 BROWSE DEBUG TABS(2)

line level    source

   1          #include "regx52.h"
   2          #include "..\lib\delay.h"
   3          
   4          unsigned char code DAC_values[] = {127,166,202,230,248,254,248,230,202,166,127,88,52,24,6,0,6,24,52,88};
   5            
   6          void main()
   7          {
   8   1        unsigned char i; 
   9   1        
  10   1        while(1)
  11   1        {
  12   2          for(i=0; i<20; i++)
  13   2          {
  14   3            P2 = DAC_values[i];
  15   3            delay_ms(1);
  16   3          }
  17   2        }
  18   1      }


MODULE INFORMATION:   STATIC OVERLAYABLE
   CODE SIZE        =     29    ----
   CONSTANT SIZE    =     20    ----
   XDATA SIZE       =   ----    ----
   PDATA SIZE       =   ----    ----
   DATA SIZE        =   ----       1
   IDATA SIZE       =   ----    ----
   BIT SIZE         =   ----    ----
   EDATA SIZE       =   ----    ----
   HDATA SIZE       =   ----    ----
   XDATA CONST SIZE =   ----    ----
   FAR CONST SIZE   =   ----    ----
END OF MODULE INFORMATION.


C51 COMPILATION COMPLETE.  0 WARNING(S),  0 ERROR(S)
