C51 COMPILER V9.60.0.0   MAIN                                                              07/29/2021 21:55:55 PAGE 1   


C51 COMPILER V9.60.0.0, COMPILATION OF MODULE MAIN
OBJECT MODULE PLACED IN .\Objects\main.obj
COMPILER INVOKED BY: C:\Keil_v5\C51\BIN\C51.EXE main.c OPTIMIZE(8,SPEED) BROWSE DEBUG OBJECTEXTEND PRINT(.\Listings\main
                    -.lst) TABS(2) OBJECT(.\Objects\main.obj)

line level    source

   1          #include "REGX51.h"
   2          #include "SPI.h"
   3          
   4          int main()
   5          {
   6   1        /* MCP4921 4 Control Bits */
   7   1        char controlReg;
   8   1        unsigned char myData;   /* MCP4921 8 data bits */
   9   1        unsigned int DACOutput = 4095;    /* 12 bits data */
  10   1        
  11   1        /* 0x0789, 0x0789 >> 8 = 0x07, 0x0789 & 0x00FF = 0x0089*/
  12   1        
  13   1        SPI_Master_Init();
  14   1        
  15   1        /* Config Control Register: GA = 0 (x2)*/
  16   1        controlReg |= (1 << 6) | (1 << 4);  /* Set bit buffer/SHDN */ 
  17   1        controlReg &= ~(1 << 7);            /* Clear 7th bit, select DACA*/
  18   1        
  19   1        /* 12 data bits */
  20   1        controlReg += (DACOutput >> 8);
  21   1        myData = DACOutput & 0x00FF;
  22   1        
  23   1        /* Send 2 Register Control & data --> MCP4921 */ 
  24   1        SPI_SS = 0;
  25   1        SPI_Send(controlReg);
  26   1        SPI_Send(myData);
  27   1        SPI_SS = 1;
  28   1        
  29   1        while(1)
  30   1        {
  31   2          DACOutput--;
  32   2          if (DACOutput == 0)
  33   2          {
  34   3            DACOutput = 4095;
  35   3          }
  36   2          /* Config Control Register: GA = 0 (x2)*/
  37   2          controlReg |= (1 << 6) | (1 << 4);  /* Set bit buffer/SHDN */ 
  38   2          controlReg &= ~(1 << 7);            /* Clear 7th bit, select DACA*/
  39   2          
  40   2          /* 12 data bits */
  41   2          controlReg += (DACOutput >> 8);
  42   2          myData = DACOutput & 0x00FF;
  43   2          
  44   2          /* Send 2 Register Control & data --> MCP4921 */ 
  45   2          SPI_SS = 0;
  46   2          SPI_Send(controlReg);
  47   2          SPI_Send(myData);
  48   2          SPI_SS = 1;
  49   2        }
  50   1      }
  51          


MODULE INFORMATION:   STATIC OVERLAYABLE
C51 COMPILER V9.60.0.0   MAIN                                                              07/29/2021 21:55:55 PAGE 2   

   CODE SIZE        =     91    ----
   CONSTANT SIZE    =   ----    ----
   XDATA SIZE       =   ----    ----
   PDATA SIZE       =   ----    ----
   DATA SIZE        =   ----       4
   IDATA SIZE       =   ----    ----
   BIT SIZE         =   ----    ----
END OF MODULE INFORMATION.


C51 COMPILATION COMPLETE.  0 WARNING(S),  0 ERROR(S)
