C51 COMPILER V9.60.0.0   SPI                                                               07/29/2021 21:55:55 PAGE 1   


C51 COMPILER V9.60.0.0, COMPILATION OF MODULE SPI
OBJECT MODULE PLACED IN .\Objects\SPI.obj
COMPILER INVOKED BY: C:\Keil_v5\C51\BIN\C51.EXE SPI.c OPTIMIZE(8,SPEED) BROWSE DEBUG OBJECTEXTEND PRINT(.\Listings\SPI.l
                    -st) TABS(2) OBJECT(.\Objects\SPI.obj)

line level    source

   1          #include "SPI.h"
   2          
   3          /* Initialize SPI Master Mode */
   4          void SPI_Master_Init(void)
   5          {
   6   1        SPI_SS = 1;
   7   1        SPI_CLK = 0;  /* CPOL = 0 */
   8   1      }
   9          
  10          /* Send a byte */
  11          void SPI_Send(char senddata)
  12          {
  13   1        int i;
  14   1        for(i = 0; i < 8; i++)
  15   1        {
  16   2          /* LSB First */
  17   2          if ( (senddata & 0x80) == 0 )
  18   2          {
  19   3            SPI_MOSI = 0;
  20   3          }
  21   2          else    /* (senddata & 0x80) != 0 */
  22   2          {
  23   3            SPI_MOSI = 1;
  24   3          }
  25   2          /* Send a bit by Falling Edge */
  26   2          SPI_CLK = 1;      /* CPHA = 0 */
  27   2          SPI_CLK = 0;
  28   2          senddata <<= 1; 
  29   2        }
  30   1      }
  31          
  32          char SPI_Receive(void)
  33          {
  34   1        char rdata; /* 0x00 */
  35   1        int i;
  36   1        for(i = 0; i < 8; i++)
  37   1        {
  38   2          rdata <<= 1;    // 0x00
  39   2          /* Receive a bit by Falling Edge */
  40   2          SPI_CLK = 1;      /* CPHA = 0 */
  41   2          
  42   2          if (SPI_MISO == 1)
  43   2          {
  44   3            rdata |= 0x01;
  45   3          }
  46   2          
  47   2          SPI_CLK = 0;
  48   2        }
  49   1        return rdata;
  50   1      }


MODULE INFORMATION:   STATIC OVERLAYABLE
   CODE SIZE        =     67    ----
C51 COMPILER V9.60.0.0   SPI                                                               07/29/2021 21:55:55 PAGE 2   

   CONSTANT SIZE    =   ----    ----
   XDATA SIZE       =   ----    ----
   PDATA SIZE       =   ----    ----
   DATA SIZE        =   ----    ----
   IDATA SIZE       =   ----    ----
   BIT SIZE         =   ----    ----
END OF MODULE INFORMATION.


C51 COMPILATION COMPLETE.  0 WARNING(S),  0 ERROR(S)
