C51 COMPILER V9.52.0.0   MAIN                                                              02/05/2020 12:04:53 PAGE 1   


C51 COMPILER V9.52.0.0, COMPILATION OF MODULE MAIN
OBJECT MODULE PLACED IN main.OBJ
COMPILER INVOKED BY: C:\Keil\C51\BIN\C51.EXE main.c BROWSE DEBUG OBJECTEXTEND TABS(2)

line level    source

   1          #include "main.h"
   2          #include "..\Lib\UARTMode1.h"
   3          #include "..\Lib\delay.h"
   4          
   5          void main()
   6          {
   7   1        UART_Init();
*** WARNING C206 IN LINE 7 OF main.c: 'UART_Init': missing function-prototype
   8   1        
   9   1        while(1)
  10   1        {
  11   2          if(P1_0==0)
  12   2          { 
  13   3              delay_ms(20);
  14   3              UART_Write(0x01);
  15   3              while(P1_0==0);
  16   3          }
  17   2          if(P1_1==0)
  18   2          {
  19   3              delay_ms(20);
  20   3              UART_Write(0x00);
  21   3              while(P1_1==0);
  22   3          }
  23   2        }
  24   1      }


MODULE INFORMATION:   STATIC OVERLAYABLE
   CODE SIZE        =     41    ----
   CONSTANT SIZE    =   ----    ----
   XDATA SIZE       =   ----    ----
   PDATA SIZE       =   ----    ----
   DATA SIZE        =   ----    ----
   IDATA SIZE       =   ----    ----
   BIT SIZE         =   ----    ----
END OF MODULE INFORMATION.


C51 COMPILATION COMPLETE.  1 WARNING(S),  0 ERROR(S)
