C51 COMPILER V9.52.0.0   MAIN                                                              02/17/2020 12:00:24 PAGE 1   


C51 COMPILER V9.52.0.0, COMPILATION OF MODULE MAIN
OBJECT MODULE PLACED IN main.OBJ
COMPILER INVOKED BY: C:\Keil\C51\BIN\C51.EXE main.c OMF2 BROWSE DEBUG TABS(2)

line level    source

   1          #include "regx52.h"
   2          
   3          sbit PWM_Pin = P2^0;
   4          
   5          unsigned int T, Ton, Toff, Ton_H_reload, Ton_L_reload, Toff_H_reload, Toff_L_reload;
   6          
   7          void PWM_Init(unsigned int chuky)
   8          {
   9   1        PWM_Pin = 1;
  10   1        TMOD &= 0xF0;
  11   1        TMOD |= 0x01;   //Timer 0 mode 1
  12   1        
  13   1        ET0 = 1;        //cho phep ngat timer0
  14   1        EA = 1;         //cho phep ngat toan cuc
  15   1        T = chuky; 
  16   1      }
  17           void PWM_Start()
  18          {
  19   1        TR0 = 1;
  20   1      }
  21          void PWM_Stop()
  22          {
  23   1        TR0 = 0;
  24   1      }
  25          
  26          void PWM_Set_Duty(unsigned char duty)
  27          {
  28   1        if(duty == 0)
  29   1        {
  30   2          PWM_Pin = 0;
  31   2          ET0 = 0;
  32   2        }
  33   1        else if(duty == 100)
  34   1        {
  35   2          PWM_Pin = 1;
  36   2          ET0 = 0;
  37   2        }
  38   1        else
  39   1        {
  40   2          Ton = ((unsigned long)T)*duty/100;
  41   2          Toff = T - Ton;
  42   2        
  43   2          Ton_H_reload = (65536 - Ton) >> 8;
  44   2          Ton_L_reload = (65536 - Ton) & 0x00FF;
  45   2        
  46   2          Toff_H_reload = (65536 - Toff) >> 8;
  47   2          Toff_L_reload = (65536 - Toff) & 0x00FF;
  48   2        
  49   2          TH0 = Ton_H_reload;
  50   2          TL0 = Ton_L_reload;
  51   2        }
  52   1      }
  53          
  54          void main()
  55          {
C51 COMPILER V9.52.0.0   MAIN                                                              02/17/2020 12:00:24 PAGE 2   

  56   1        PWM_Init(1000);     //T = 1000us = 1ms
  57   1        PWM_Set_Duty(100);
  58   1        PWM_Start();
  59   1        
  60   1        while(1)
  61   1        {
  62   2        }
  63   1      }
  64          
  65          void Timer0Overflow() interrupt 1
  66          {
  67   1        PWM_Pin = !PWM_Pin;
  68   1        if(!PWM_Pin)
  69   1        {
  70   2          TH0 = Toff_H_reload;
  71   2          TL0 = Toff_L_reload;
  72   2        }
  73   1        else
  74   1        {
  75   2          TH0 = Ton_H_reload;
  76   2          TL0 = Ton_L_reload;
  77   2        }
  78   1      }


MODULE INFORMATION:   STATIC OVERLAYABLE
   CODE SIZE        =    199    ----
   CONSTANT SIZE    =   ----    ----
   XDATA SIZE       =   ----    ----
   PDATA SIZE       =   ----    ----
   DATA SIZE        =     14    ----
   IDATA SIZE       =   ----    ----
   BIT SIZE         =   ----    ----
   EDATA SIZE       =   ----    ----
   HDATA SIZE       =   ----    ----
   XDATA CONST SIZE =   ----    ----
   FAR CONST SIZE   =   ----    ----
END OF MODULE INFORMATION.


C51 COMPILATION COMPLETE.  0 WARNING(S),  0 ERROR(S)
