C51 COMPILER V9.60.0.0   LCD_8_BIT                                                         05/10/2021 20:03:17 PAGE 1   


C51 COMPILER V9.60.0.0, COMPILATION OF MODULE LCD_8_BIT
OBJECT MODULE PLACED IN LCD_8_bit.OBJ
COMPILER INVOKED BY: C:\Keil_v5\C51\BIN\C51.EXE LCD_8_bit.c OPTIMIZE(8,SPEED) BROWSE DEBUG OBJECTEXTEND TABS(2)

line level    source

   1          /*
   2           * LCD_8_bit.c
   3           *
   4           * http://www.electronicwings.com
   5           */
   6          
   7          #include <reg52.h>
   8          #include <intrins.h>
   9          #include "LCD_8_BIT.h"
  10          
  11          #define LCD_Data P2
  12          
  13          sbit RS=P3^0;
  14          sbit RW=P3^1;
  15          sbit EN=P3^2;
  16          
  17          void delay(unsigned int k)
  18          {
  19   1        int i,j;
  20   1        for (i=0;i<k;i++)
  21   1          for (j=0;j<112;j++);
  22   1      }
  23          
  24          void LCD_Command(char Command)
  25          {
  26   1        LCD_Data = Command;
  27   1        RS=0;
  28   1        RW=0;
  29   1        EN=1;
  30   1        delay(1);
  31   1        EN=0;
  32   1        delay(3);
  33   1      }
  34          void LCD_Char(char Data)
  35          {
  36   1        LCD_Data = Data;
  37   1        RS=1;
  38   1        RW=0;
  39   1        EN=1;
  40   1        delay(1);
  41   1        EN=0;
  42   1        delay(3);
  43   1      }
  44          
  45          void LCD_String(unsigned char *str)
  46          {
  47   1        int i;
  48   1        for(i=0;str[i]!=0;i++)              /* Send each char of string till the NULL */
  49   1        {
  50   2          LCD_Char (str[i]);              /* Call LCD data write */
  51   2        }
  52   1      }
  53          
  54          void LCD_String_xy (unsigned char row, unsigned char pos, unsigned char *str) /* Send string to LCD functi
             -on */
C51 COMPILER V9.60.0.0   LCD_8_BIT                                                         05/10/2021 20:03:17 PAGE 2   

  55          {
  56   1        if (row == 1)
  57   1          LCD_Command((pos & 0x0F)|0x80);       /* Command of first row and required position<16 */
  58   1        else if (row == 2)
  59   1          LCD_Command((pos & 0x0F)|0xC0);       /* Command of Second row and required position<16 */
  60   1        LCD_String(str);                /* Call LCD string function */
  61   1      }
  62          
  63          void LCD_Init()
  64          {
  65   1        delay(50);
  66   1        LCD_Command(0x38);
  67   1        LCD_Command(0x0C);
  68   1        LCD_Command(0x01);
  69   1        LCD_Command(0x06);
  70   1        LCD_Command(0x80);
  71   1      }
  72          


MODULE INFORMATION:   STATIC OVERLAYABLE
   CODE SIZE        =    191    ----
   CONSTANT SIZE    =   ----    ----
   XDATA SIZE       =   ----    ----
   PDATA SIZE       =   ----    ----
   DATA SIZE        =   ----      10
   IDATA SIZE       =   ----    ----
   BIT SIZE         =   ----    ----
END OF MODULE INFORMATION.


C51 COMPILATION COMPLETE.  0 WARNING(S),  0 ERROR(S)
