C51 COMPILER V9.52.0.0   MAIN                                                              02/11/2020 20:55:30 PAGE 1   


C51 COMPILER V9.52.0.0, COMPILATION OF MODULE MAIN
OBJECT MODULE PLACED IN main.OBJ
COMPILER INVOKED BY: C:\Keil\C51\BIN\C51.EXE main.c OMF2 BROWSE DEBUG TABS(2)

line level    source

   1          #include "main.h"
   2          
   3          void delay_ms_T0(unsigned int t)
   4          {
   5   1        do {
   6   2          TL0 = 0x18;
   7   2          TH0 = 0xFC;
   8   2          TR0 = 1;
   9   2          while(!TF0);
  10   2          TR0 = 0;
  11   2          TF0 = 0;
  12   2          t--;
  13   2        }while(t!=0);
  14   1      }
  15          void main()
  16          {
  17   1        TMOD = 0x01;
  18   1        while(1)
  19   1        {
  20   2          P2_0 = !P2_0;
  21   2          delay_ms_T0(1000);
  22   2        }
  23   1      }
  24            


MODULE INFORMATION:   STATIC OVERLAYABLE
   CODE SIZE        =     39    ----
   CONSTANT SIZE    =   ----    ----
   XDATA SIZE       =   ----    ----
   PDATA SIZE       =   ----    ----
   DATA SIZE        =   ----    ----
   IDATA SIZE       =   ----    ----
   BIT SIZE         =   ----    ----
   EDATA SIZE       =   ----    ----
   HDATA SIZE       =   ----    ----
   XDATA CONST SIZE =   ----    ----
   FAR CONST SIZE   =   ----    ----
END OF MODULE INFORMATION.


C51 COMPILATION COMPLETE.  0 WARNING(S),  0 ERROR(S)
