C51 COMPILER V9.52.0.0   MAIN                                                              02/16/2020 17:05:14 PAGE 1   


C51 COMPILER V9.52.0.0, COMPILATION OF MODULE MAIN
OBJECT MODULE PLACED IN main.OBJ
COMPILER INVOKED BY: C:\Keil\C51\BIN\C51.EXE main.c OMF2 BROWSE DEBUG TABS(2)

line level    source

   1          #include "main.h"
   2          #include "..\lib\delay.h"
   3          
   4          void Guibit(bit b)
   5          {
   6   1        if(b)
   7   1        {
   8   2          TR2 = 1; 
   9   2          delay_ms(1);
  10   2          TR2 = 0;
  11   2          P1_0 = 1;
  12   2          delay_ms(3);
  13   2        }
  14   1        else
  15   1        {
  16   2          TR2 = 1;
  17   2          delay_ms(3);
  18   2          TR2 = 0;
  19   2          P1_0 = 1;
  20   2          delay_ms(1);
  21   2        }
  22   1      }
  23          void Guibyte(unsigned char b)
  24          {
  25   1        unsigned char i; 
  26   1        for(i=0; i<8; i++)
  27   1        {
  28   2          Guibit(b&0x80);
  29   2          b <<= 1;
  30   2        }
  31   1      }
  32          
  33          void main()
  34          {
  35   1        unsigned char cnt = 0;
  36   1        
  37   1        //khoi tao Timer 2 phat xung 38kHz
  38   1        T2CON = 0x00;
  39   1        T2MOD = 0x02;
  40   1        
  41   1        RCAP2H = 0xFF;
  42   1        RCAP2L = 0xB1;
  43   1        TH2 = 0xFF;
  44   1        TL2 = 0xB1;
  45   1        
  46   1        Guibyte(0x01);
  47   1        while(1)
  48   1        {
  49   2          Guibyte(cnt);
  50   2          cnt++;
  51   2          delay_ms(10);
  52   2        }
  53   1      }
  54            

C51 COMPILER V9.52.0.0   MAIN                                                              02/16/2020 17:05:14 PAGE 2   


MODULE INFORMATION:   STATIC OVERLAYABLE
   CODE SIZE        =    111    ----
   CONSTANT SIZE    =   ----    ----
   XDATA SIZE       =   ----    ----
   PDATA SIZE       =   ----    ----
   DATA SIZE        =   ----       3
   IDATA SIZE       =   ----    ----
   BIT SIZE         =   ----       1
   EDATA SIZE       =   ----    ----
   HDATA SIZE       =   ----    ----
   XDATA CONST SIZE =   ----    ----
   FAR CONST SIZE   =   ----    ----
END OF MODULE INFORMATION.


C51 COMPILATION COMPLETE.  0 WARNING(S),  0 ERROR(S)
