C51 COMPILER V9.01   MAIN                                                                  07/19/2015 20:14:31 PAGE 1   


C51 COMPILER V9.01, COMPILATION OF MODULE MAIN
OBJECT MODULE PLACED IN main.OBJ
COMPILER INVOKED BY: C:\Keil\C51\BIN\C51.EXE main.c BROWSE DEBUG OBJECTEXTEND

line level    source

   1          #include <regx52.h>
   2                                                                           
   3          #define DS18B20_SKIP_ROM                        0xCC
   4          #define DS18B20_CONVERT_T                       0x44
   5          #define DS18B20_READ_SCRATCHPAD 0xBE    
   6          
   7          sbit DS18B20_PIN = P1^0;
   8          
   9          unsigned char code Code7Seg[] = {0xC0, 0xF9, 0xA4, 0xB0, 0x99, 0x92, 0x82, 0xF8, 0x80, 0x90};
  10          
  11          void T0_Delay_us(unsigned int t)
  12          {
  13   1              unsigned int load_value;
  14   1      
  15   1              load_value = 65536 - t;
  16   1              TH0 = load_value >> 8;
  17   1              TL0 = load_value & 0x00FF;
  18   1              TR0 = 1;
  19   1              while(!TF0);
  20   1              TR0 = 0;
  21   1              TF0 = 0;
  22   1      }
  23          
  24          void Delay_ms(unsigned int t)
  25          {
  26   1              unsigned int x,y;
  27   1              for(x=0;x<t;x++)
  28   1              {
  29   2                      for(y=0;y<=123;y++);
  30   2              }
  31   1      }
  32          
  33          // Return 0: Ok
  34          // Return 1: FAIL
  35          unsigned char DS18B20_Reset()
  36          {
  37   1              unsigned char result;
  38   1      
  39   1              DS18B20_PIN = 0;
  40   1              T0_Delay_us(480);
  41   1              
  42   1              DS18B20_PIN = 1;
  43   1              T0_Delay_us(70);
  44   1              
  45   1              result = DS18B20_PIN;
  46   1      
  47   1              T0_Delay_us(410);
  48   1      
  49   1              return result;
  50   1      }
  51          
  52          void DS18B20_Write1()
  53          {
  54   1              DS18B20_PIN = 0;
  55   1              T0_Delay_us(6);
C51 COMPILER V9.01   MAIN                                                                  07/19/2015 20:14:31 PAGE 2   

  56   1      
  57   1              DS18B20_PIN = 1;
  58   1              T0_Delay_us(64);
  59   1      }
  60          
  61          void DS18B20_Write0()
  62          {
  63   1              DS18B20_PIN = 0;
  64   1              T0_Delay_us(60);
  65   1      
  66   1              DS18B20_PIN = 1;
  67   1              T0_Delay_us(10);        
  68   1      }
  69          
  70          void DS18B20_Write_Bit(unsigned char b)
  71          {
  72   1              if(b == 1)
  73   1              {
  74   2                      DS18B20_Write1();
  75   2              }
  76   1              else
  77   1              {
  78   2                      DS18B20_Write0();
  79   2              }
  80   1      }
  81          
  82          unsigned char DS18B20_Read_Bit()
  83          {
  84   1              unsigned char result;
  85   1      
  86   1              DS18B20_PIN = 0;
  87   1              T0_Delay_us(6);
  88   1      
  89   1              DS18B20_PIN = 1;
  90   1              T0_Delay_us(9);
  91   1      
  92   1              result = DS18B20_PIN;
  93   1              T0_Delay_us(55);
  94   1      
  95   1              return result;
  96   1      }
  97          
  98          void DS18B20_Write_Byte(unsigned char b)
  99          {
 100   1              unsigned char i = 8;
 101   1      
 102   1              while(i--)
 103   1              {
 104   2                      DS18B20_Write_Bit(b & 0x01);
 105   2                      b >>= 1;
 106   2              }
 107   1      }
 108          
 109          unsigned char DS18B20_Read_Byte()
 110          {
 111   1              unsigned char i = 8, result = 0;
 112   1      
 113   1              while(i--)
 114   1              {
 115   2                      result >>= 1;
 116   2                      result |= (DS18B20_Read_Bit()<<7);              
 117   2              }
C51 COMPILER V9.01   MAIN                                                                  07/19/2015 20:14:31 PAGE 3   

 118   1              
 119   1              return result;
 120   1      }
 121          
 122          
 123          
 124          void main()
 125          {
 126   1              unsigned int temp;
 127   1              unsigned char int_part, decimal_part;
 128   1              unsigned char chuc, dvi;
 129   1      
 130   1              TMOD |= 0x01;           // Timer0 hoat dong o che do 1 (dinh thoi, 16 bit)
 131   1      
 132   1              while(1)
 133   1              {
 134   2                      while(DS18B20_Reset());
 135   2                      DS18B20_Write_Byte(DS18B20_SKIP_ROM);
 136   2                      DS18B20_Write_Byte(DS18B20_CONVERT_T);
 137   2      
 138   2                      Delay_ms(750);
 139   2      
 140   2                      while(DS18B20_Reset());
 141   2                      DS18B20_Write_Byte(DS18B20_SKIP_ROM);
 142   2                      DS18B20_Write_Byte(DS18B20_READ_SCRATCHPAD);
 143   2      
 144   2                      temp = DS18B20_Read_Byte();
 145   2                      temp = (DS18B20_Read_Byte() << 8) | temp;
 146   2      
 147   2                      int_part = temp >> 4;
 148   2                      chuc = int_part / 10;
 149   2                      dvi = int_part % 10;
 150   2                      
 151   2                      decimal_part = temp & 0x000F;
 152   2                      decimal_part = decimal_part*10/16;                              // Lay con so dau tien cua phan thap phan
 153   2      
 154   2                      P0 = Code7Seg[chuc];
 155   2                      P2 = Code7Seg[dvi];
 156   2                      P3 = Code7Seg[decimal_part];
 157   2              }
 158   1      }


MODULE INFORMATION:   STATIC OVERLAYABLE
   CODE SIZE        =    327    ----
   CONSTANT SIZE    =     10    ----
   XDATA SIZE       =   ----    ----
   PDATA SIZE       =   ----    ----
   DATA SIZE        =   ----       2
   IDATA SIZE       =   ----    ----
   BIT SIZE         =   ----    ----
END OF MODULE INFORMATION.


C51 COMPILATION COMPLETE.  0 WARNING(S),  0 ERROR(S)
