C51 COMPILER V9.01   MAIN                                                                  03/12/2014 12:42:48 PAGE 1   


C51 COMPILER V9.01, COMPILATION OF MODULE MAIN
OBJECT MODULE PLACED IN main.OBJ
COMPILER INVOKED BY: C:\Keil\C51\BIN\C51.EXE main.c OMF2 BROWSE DEBUG

line level    source

   1          #include"main.h"
   2          #include"..\lib\Soft_I2c.h"
   3          #include"..\lib\Lcd4.h"
   4          #include"..\lib\Rtc_Ds1307.h"
   5          #include"..\lib\LunarCalendar.h"
   6          #include"Port.h"
   7          
   8          unsigned char * code Days[] = {"SUN","MON","TUE","WED","THU","FRI","SAT"};
   9          
  10          void main()
  11          {
  12   1              unsigned char Hour, Minute, Second, Mode, Day, Date, Month, Year, old_second;
  13   1              unsigned char SolarDate, SolarMonth;
  14   1              char SolarYear;
  15   1      
  16   1              Soft_I2c_Init();
  17   1              Ds1307_Init();
  18   1              Lcd_Init();
  19   1      
  20   1              while(1)
  21   1              {
  22   2                      Ds1307_Read_Time(&Hour, &Minute, &Second, &Mode);
  23   2                      if(old_second != Second)
  24   2                      { 
  25   3                              old_second = Second;
  26   3      
  27   3                              Lcd_Chr(1,5,Hour/10+0x30);
  28   3                              Lcd_Chr_Cp(Hour%10+0x30);
  29   3                              Lcd_Chr_Cp(':');
  30   3                              Lcd_Chr_Cp(Minute/10+0x30);
  31   3                              Lcd_Chr_Cp(Minute%10+0x30);
  32   3                              Lcd_Chr_Cp(':');
  33   3                              Lcd_Chr_Cp(Second/10+0x30);
  34   3                              Lcd_Chr_Cp(Second%10+0x30);
  35   3      
  36   3                              Ds1307_Read_Date(&Day, &Date, &Month, &Year);
  37   3                              if(BTN == 1)
  38   3                              {
  39   4                                      Lcd_Out(2,1,"                ");
  40   4                                      Lcd_Out(2,2,Days[Day-1]);
  41   4                                      Lcd_Chr_Cp(' ');
  42   4                                      Lcd_Chr_Cp(Date/10+0x30);
  43   4                                      Lcd_Chr_Cp(Date%10+0x30);
  44   4                                      Lcd_Chr_Cp('/');
  45   4                                      Lcd_Chr_Cp(Month/10+0x30);
  46   4                                      Lcd_Chr_Cp(Month%10+0x30);
  47   4                                      Lcd_Out_Cp("/20");
  48   4                                      Lcd_Chr_Cp(Year/10+0x30);
  49   4                                      Lcd_Chr_Cp(Year%10+0x30);
  50   4                              }
  51   3                              else
  52   3                              {
  53   4                                      Solar2Lunar(Date, Month, Year, &SolarDate, &SolarMonth, & SolarYear);
  54   4                                      Lcd_Out(2,1,"LUNAR:");
  55   4                                      Lcd_Chr_Cp(SolarDate/10+0x30);
C51 COMPILER V9.01   MAIN                                                                  03/12/2014 12:42:48 PAGE 2   

  56   4                                      Lcd_Chr_Cp(SolarDate%10+0x30);
  57   4                                      Lcd_Chr_Cp('/');
  58   4                                      Lcd_Chr_Cp(SolarMonth/10+0x30);
  59   4                                      Lcd_Chr_Cp(SolarMonth%10+0x30);
  60   4                                      Lcd_Chr_Cp('/');
  61   4                                      Lcd_Chr_Cp((Year+2000)/1000+0x30);
  62   4                                      Lcd_Chr_Cp((Year+2000)/100%10+0x30);
  63   4                                      Lcd_Chr_Cp((Year+2000)/10%10+0x30);
  64   4                                      Lcd_Chr_Cp((Year+2000)%10+0x30);
  65   4                              }
  66   3                      }
  67   2              }
  68   1      }


MODULE INFORMATION:   STATIC OVERLAYABLE
   CODE SIZE        =    554    ----
   CONSTANT SIZE    =     77    ----
   XDATA SIZE       =   ----    ----
   PDATA SIZE       =   ----    ----
   DATA SIZE        =   ----      12
   IDATA SIZE       =   ----    ----
   BIT SIZE         =   ----    ----
   EDATA SIZE       =   ----    ----
   HDATA SIZE       =   ----    ----
   XDATA CONST SIZE =   ----    ----
   FAR CONST SIZE   =   ----    ----
END OF MODULE INFORMATION.


C51 COMPILATION COMPLETE.  0 WARNING(S),  0 ERROR(S)
