C51 COMPILER V9.52.0.0   MAIN                                                              10/16/2019 23:38:36 PAGE 1   


C51 COMPILER V9.52.0.0, COMPILATION OF MODULE MAIN
OBJECT MODULE PLACED IN main.OBJ
COMPILER INVOKED BY: C:\Keil\C51\BIN\C51.EXE main.c BROWSE DEBUG OBJECTEXTEND TABS(2)

line level    source

   1          #include <main.h>
   2          #include "..\lib\delay.h"
   3          
   4          void UART_WRITE(unsigned char b)
   5          {
   6   1        SBUF = b;
   7   1        while(TI==0);
   8   1          TI = 0;
   9   1        P3_2 = 0;
  10   1        P3_2 = 1;
  11   1      }
  12            
  13          void main()
  14          {
  15   1        SM0=SM1=0;  
  16   1        while(1)
  17   1        {
  18   2          UART_WRITE(0x00);
  19   2          delay_ms(500);
  20   2          UART_WRITE(0xAA);
  21   2          delay_ms(500);
  22   2        }
  23   1      }


MODULE INFORMATION:   STATIC OVERLAYABLE
   CODE SIZE        =     42    ----
   CONSTANT SIZE    =   ----    ----
   XDATA SIZE       =   ----    ----
   PDATA SIZE       =   ----    ----
   DATA SIZE        =   ----    ----
   IDATA SIZE       =   ----    ----
   BIT SIZE         =   ----    ----
END OF MODULE INFORMATION.


C51 COMPILATION COMPLETE.  0 WARNING(S),  0 ERROR(S)
