C51 COMPILER V9.60.0.0   GPIO                                                              04/22/2021 21:43:35 PAGE 1   


C51 COMPILER V9.60.0.0, COMPILATION OF MODULE GPIO
OBJECT MODULE PLACED IN .\Objects\GPIO.obj
COMPILER INVOKED BY: C:\Keil_v5\C51\BIN\C51.EXE GPIO.c OPTIMIZE(8,SPEED) BROWSE DEBUG OBJECTEXTEND PRINT(.\Listings\GPIO
                    -.lst) TABS(2) OBJECT(.\Objects\GPIO.obj)

line level    source

   1          #include "REGX52.H"
   2          
   3          void delay_ms(unsigned int delay_time);
   4          
   5          void main()
   6          {
   7   1        // set up 
   8   1        P1_0 = 0;   // LED OFF 
   9   1        
  10   1        // super loop
  11   1        while(1)
  12   1        {
  13   2          P1_0 = 1;
  14   2          delay_ms(1000);
  15   2          P1_0 = 0;
  16   2          delay_ms(1000);
  17   2        }
  18   1      }
  19          
  20          void delay_ms(unsigned int delay_time)
  21          {
  22   1        int i = 0;
  23   1        while(delay_time--)
  24   1        {
  25   2          for (i = 0; i < 100; i++); 
  26   2        }
  27   1      }


MODULE INFORMATION:   STATIC OVERLAYABLE
   CODE SIZE        =     54    ----
   CONSTANT SIZE    =   ----    ----
   XDATA SIZE       =   ----    ----
   PDATA SIZE       =   ----    ----
   DATA SIZE        =   ----    ----
   IDATA SIZE       =   ----    ----
   BIT SIZE         =   ----    ----
END OF MODULE INFORMATION.


C51 COMPILATION COMPLETE.  0 WARNING(S),  0 ERROR(S)
