C51 COMPILER V9.52.0.0   DELAY                                                             02/04/2020 10:12:43 PAGE 1   


C51 COMPILER V9.52.0.0, COMPILATION OF MODULE DELAY
OBJECT MODULE PLACED IN .\delay.obj
COMPILER INVOKED BY: C:\Keil\C51\BIN\C51.EXE ..\Lib\delay.c BROWSE DEBUG OBJECTEXTEND PRINT(.\delay.lst) TABS(2) OBJECT(
                    -.\delay.obj)

line level    source

   1          #include "delay.h"
   2          
   3          void delay_ms(unsigned int t)
   4          {
   5   1        unsigned int x,y;
   6   1        for(x=0;x<t;x++){
   7   2          for(y=0;y<123;y++);
   8   2        }
   9   1      }


MODULE INFORMATION:   STATIC OVERLAYABLE
   CODE SIZE        =     32    ----
   CONSTANT SIZE    =   ----    ----
   XDATA SIZE       =   ----    ----
   PDATA SIZE       =   ----    ----
   DATA SIZE        =   ----    ----
   IDATA SIZE       =   ----    ----
   BIT SIZE         =   ----    ----
END OF MODULE INFORMATION.


C51 COMPILATION COMPLETE.  0 WARNING(S),  0 ERROR(S)
