C51 COMPILER V9.52.0.0   MAIN                                                              02/27/2020 22:56:12 PAGE 1   


C51 COMPILER V9.52.0.0, COMPILATION OF MODULE MAIN
OBJECT MODULE PLACED IN main.obj
COMPILER INVOKED BY: C:\Keil\C51\BIN\C51.EXE SPI\main.c OMF2 BROWSE DEBUG PRINT(.\main.lst) TABS(2) OBJECT(main.obj)

line level    source

   1          #include "main.h"
   2          #include "..\lib\delay.h"
   3          
   4          sbit SCLK = P2^0;
   5          sbit MOSI = P2^1;
   6          sbit MISO = P2^2;
   7          sbit CS = P2^3;
   8          
   9          void Soft_SPI_Init()
  10          {
  11   1        CS = 1;
  12   1        SCLK = 0;
  13   1        MISO = 1;
  14   1      }
  15          
  16          unsigned char Soft_SPI_Read(void)
  17          {
  18   1        unsigned char i,b;
  19   1        for(i=0;i<8;i++)
  20   1        {
  21   2          b << 1;
*** WARNING C275 IN LINE 21 OF SPI\main.c: expression with possibly no effect
  22   2          SCLK = 1;
  23   2          if(MISO)
  24   2            b |= 0x01;
  25   2          SCLK = 0;
  26   2        }
  27   1        return b;
  28   1      }
  29          
  30          void Soft_SPI_Write(unsigned char b)
  31          { 
  32   1        unsigned char i;
  33   1        for(i=0;i<8;i++)
  34   1        {
  35   2          if(b&0x80 != 0)
  36   2            MOSI = 1;
  37   2          else 
  38   2            MOSI = 0;
  39   2          SCLK = 1;
  40   2          SCLK = 0;
  41   2          b <<= 1;
  42   2        }
  43   1      }
  44          
  45          void EEPROM_25LCxxx_Write(unsigned int addr, unsigned char b)
  46          {
  47   1        CS = 0;
  48   1        Soft_SPI_Write(0x06);           //gui lenh WREN
  49   1        CS = 1;
  50   1        CS = 0;
  51   1        
  52   1        Soft_SPI_Write(0x02);           //gui lenh WRITE
  53   1        Soft_SPI_Write(addr>>8);        //gui byte cao cua dia chi
  54   1        Soft_SPI_Write(addr & 0x00FF);  //gui byte thap cua dia chi
C51 COMPILER V9.52.0.0   MAIN                                                              02/27/2020 22:56:12 PAGE 2   

  55   1        Soft_SPI_Write(b);
  56   1        
  57   1        CS = 1;
  58   1      }
  59          
  60          void main()
  61          {
  62   1        Soft_SPI_Init();
  63   1        EEPROM_25LCxxx_Write(0,0x55);
  64   1        while(1)
  65   1        {
  66   2        }
  67   1      }
  68              


MODULE INFORMATION:   STATIC OVERLAYABLE
   CODE SIZE        =    100    ----
   CONSTANT SIZE    =   ----    ----
   XDATA SIZE       =   ----    ----
   PDATA SIZE       =   ----    ----
   DATA SIZE        =   ----    ----
   IDATA SIZE       =   ----    ----
   BIT SIZE         =   ----    ----
   EDATA SIZE       =   ----    ----
   HDATA SIZE       =   ----    ----
   XDATA CONST SIZE =   ----    ----
   FAR CONST SIZE   =   ----    ----
END OF MODULE INFORMATION.


C51 COMPILATION COMPLETE.  1 WARNING(S),  0 ERROR(S)
